<?xml version="1.0" encoding="UTF-8"?>
<Site BuildName="(empty)"
	BuildStamp="20230605-2337-Experimental"
	Name="(empty)"
	Generator="ctest-3.26.3"
	CompilerName=""
	CompilerVersion=""
	OSName="Linux"
	Hostname="Nasser"
	OSRelease="6.1.28_1"
	OSVersion="#1 SMP PREEMPT_DYNAMIC Sat May 13 16:50:36 UTC 2023"
	OSPlatform="x86_64"
	Is64Bits="1"
	VendorString="GenuineIntel"
	VendorID="Intel Corporation"
	FamilyID="6"
	ModelID="23"
	ProcessorCacheSize="6144"
	NumberOfLogicalCPU="2"
	NumberOfPhysicalCPU="2"
	TotalVirtualMemory="4095"
	TotalPhysicalMemory="3823"
	LogicalProcessorsPerPhysical="1"
	ProcessorClockFrequency="2992.48"
	>
	<Testing>
		<StartDateTime>Jun 06 02:47 EEST</StartDateTime>
		<StartTestTime>1686008827</StartTestTime>
		<TestList/>
		<EndDateTime>Jun 06 02:47 EEST</EndDateTime>
		<EndTestTime>1686008827</EndTestTime>
		<ElapsedMinutes>0</ElapsedMinutes>
	</Testing>
</Site>
